SF:lib\main.dart
DA:13,0
DA:14,0
DA:15,0
DA:19,2
DA:21,1
DA:22,1
DA:27,1
DA:29,1
DA:30,2
DA:33,1
DA:36,1
DA:37,2
DA:40,1
DA:42,1
DA:45,1
DA:46,1
LF:16
LH:13
end_of_record
SF:lib\Helper\Constants\Constants.dart
DA:6,3
DA:7,0
DA:8,3
DA:9,0
DA:10,0
DA:11,0
DA:12,3
DA:13,0
DA:14,5
LF:9
LH:4
end_of_record
SF:lib\Model\DogModel.dart
DA:11,1
DA:19,0
DA:20,0
DA:21,0
DA:22,0
DA:23,0
DA:24,0
DA:25,0
DA:30,2
DA:31,1
DA:32,1
DA:33,1
DA:34,1
DA:35,1
LF:14
LH:7
end_of_record
SF:lib\Helper\DogsList\DogsList.dart
DA:9,3
DA:14,1
DA:22,1
DA:30,1
DA:38,1
DA:46,1
DA:53,1
DA:60,1
DA:67,1
DA:73,1
DA:79,1
DA:86,1
DA:93,1
DA:100,1
DA:107,1
DA:114,1
DA:121,1
DA:128,1
DA:135,1
DA:142,1
DA:149,1
DA:156,1
DA:163,1
DA:170,1
DA:177,1
LF:25
LH:25
end_of_record
SF:lib\Helper\Themes\ThemeModes.dart
DA:5,3
DA:12,2
DA:17,3
DA:22,1
LF:4
LH:4
end_of_record
SF:lib\Screens\CommonWidgets\CustomScaffold.dart
DA:10,1
DA:13,1
DA:15,1
DA:17,1
DA:18,1
DA:21,1
DA:22,3
DA:25,1
DA:26,2
DA:30,1
LF:10
LH:10
end_of_record
SF:lib\Screens\DetailsPage\DetailsPage.dart
DA:23,0
DA:25,0
DA:26,0
DA:30,0
DA:32,0
DA:34,0
DA:35,0
DA:36,0
DA:39,0
DA:40,0
DA:42,0
DA:45,0
DA:46,0
DA:47,0
DA:50,0
DA:54,0
DA:56,0
DA:60,0
LF:18
LH:0
end_of_record
SF:lib\Screens\DetailsPage\Widgets\ImageViewer.dart
DA:7,0
DA:9,0
DA:11,0
DA:13,0
DA:14,0
DA:16,0
LF:6
LH:0
end_of_record
SF:lib\Screens\HomePage\HomePage.dart
DA:20,4
DA:22,1
DA:24,1
DA:26,1
DA:27,1
LF:5
LH:5
end_of_record
SF:lib\Screens\DetailsPage\Widgets\AdoptButton.dart
DA:13,1
DA:15,0
DA:18,0
DA:20,0
DA:23,0
DA:24,0
DA:25,0
DA:27,0
DA:28,0
DA:30,0
DA:31,0
DA:36,0
DA:38,0
DA:39,0
DA:40,0
DA:42,0
DA:43,0
DA:45,0
DA:46,0
DA:53,0
DA:54,0
DA:55,0
DA:56,0
DA:59,0
DA:61,0
DA:67,0
LF:26
LH:1
end_of_record
SF:lib\Screens\DetailsPage\Widgets\DetailsCard.dart
DA:12,1
DA:14,0
DA:17,0
DA:19,0
DA:20,0
DA:21,0
DA:24,0
DA:28,0
DA:29,0
DA:30,0
DA:31,0
DA:32,0
DA:37,0
DA:39,0
DA:40,0
DA:43,0
DA:44,0
DA:45,0
DA:47,0
DA:48,0
DA:49,0
DA:50,0
DA:51,0
DA:58,0
DA:59,0
DA:61,0
DA:62,0
DA:63,0
DA:64,0
DA:65,0
DA:72,0
DA:73,0
DA:75,0
DA:76,0
DA:77,0
DA:78,0
DA:79,0
LF:37
LH:1
end_of_record
SF:lib\Screens\HistoryPage\HistoryPage.dart
DA:11,1
DA:13,0
DA:15,0
DA:17,0
DA:18,0
DA:19,0
DA:20,0
DA:21,0
DA:22,0
DA:23,0
LF:10
LH:1
end_of_record
SF:lib\Screens\HistoryPage\Widgets\CustomListTile.dart
DA:9,0
DA:12,0
DA:15,0
DA:17,0
DA:18,0
DA:22,0
DA:23,0
DA:24,0
DA:25,0
DA:26,0
DA:31,0
DA:33,0
DA:34,0
DA:36,0
DA:38,0
DA:39,0
DA:40,0
DA:41,0
DA:42,0
LF:19
LH:0
end_of_record
SF:lib\Screens\HomePage\Widgets\CustomButton.dart
DA:12,1
DA:14,1
DA:16,1
DA:18,1
DA:21,1
DA:22,1
DA:23,1
DA:24,0
DA:25,0
DA:28,1
DA:29,2
LF:11
LH:9
end_of_record
SF:lib\Screens\HomePage\Widgets\DogPages.dart
DA:16,1
DA:17,1
DA:19,1
DA:20,1
DA:22,1
DA:23,1
DA:24,1
DA:27,1
DA:28,1
DA:32,1
DA:35,1
DA:36,1
DA:37,1
DA:38,3
DA:47,1
DA:49,1
DA:50,4
DA:51,0
DA:53,0
DA:55,0
DA:56,0
DA:57,0
DA:59,0
DA:62,0
DA:63,0
DA:66,0
DA:67,0
DA:68,0
DA:71,0
DA:72,0
DA:73,0
DA:75,0
DA:76,0
DA:78,0
DA:79,0
DA:84,0
DA:87,0
DA:88,0
DA:120,1
DA:123,1
DA:125,1
DA:127,1
LF:42
LH:21
end_of_record
SF:lib\Screens\HomePage\Widgets\Search.dart
DA:20,1
DA:22,1
DA:25,1
DA:26,1
DA:27,1
DA:34,1
DA:35,2
DA:38,2
DA:39,1
DA:41,1
DA:42,0
DA:43,0
DA:44,0
DA:46,0
DA:47,0
DA:50,0
DA:51,0
DA:52,0
DA:59,1
DA:61,1
DA:62,1
DA:68,1
DA:69,1
DA:76,0
DA:77,0
DA:79,0
DA:80,0
DA:81,0
DA:83,0
DA:84,0
DA:85,0
DA:86,0
DA:88,0
DA:92,0
DA:93,0
DA:94,0
DA:96,0
DA:97,0
DA:98,0
DA:99,0
DA:109,0
LF:41
LH:15
end_of_record
SF:lib\Screens\HomePage\Widgets\FilterContent.dart
DA:8,0
DA:9,0
DA:10,0
DA:27,0
DA:30,0
DA:31,0
DA:33,0
DA:41,0
DA:42,0
DA:45,0
DA:46,0
DA:47,0
DA:48,0
DA:50,0
DA:53,0
DA:56,0
DA:57,0
DA:58,0
DA:61,0
DA:62,0
DA:63,0
DA:72,0
DA:73,0
DA:74,0
DA:75,0
DA:77,0
DA:78,0
DA:79,0
DA:82,0
DA:83,0
LF:30
LH:0
end_of_record
SF:lib\Utilities\GetListOfDogs.dart
DA:7,1
DA:8,6
LF:2
LH:2
end_of_record
SF:lib\Utilities\InitFunctions.dart
DA:6,1
DA:7,2
DA:8,3
DA:9,3
DA:11,4
LF:5
LH:5
end_of_record
